c:\users\马黄雷\desktop\数据结构课程设计\第02题-迷宫求解\迷宫求解\迷宫求解\debug\迷宫求解.pch
c:\users\马黄雷\desktop\数据结构课程设计\第02题-迷宫求解\迷宫求解\迷宫求解\debug\vc120.pdb
c:\users\马黄雷\desktop\数据结构课程设计\第02题-迷宫求解\迷宫求解\迷宫求解\debug\vc120.idb
c:\users\马黄雷\desktop\数据结构课程设计\第02题-迷宫求解\迷宫求解\迷宫求解\debug\stdafx.obj
c:\users\马黄雷\desktop\数据结构课程设计\第02题-迷宫求解\迷宫求解\迷宫求解\debug\maze.obj
c:\users\马黄雷\desktop\数据结构课程设计\第02题-迷宫求解\迷宫求解\迷宫求解\debug\迷宫求解.obj
c:\users\马黄雷\desktop\数据结构课程设计\第02题-迷宫求解\迷宫求解\debug\迷宫求解.ilk
c:\users\马黄雷\desktop\数据结构课程设计\第02题-迷宫求解\迷宫求解\debug\迷宫求解.exe
c:\users\马黄雷\desktop\数据结构课程设计\第02题-迷宫求解\迷宫求解\debug\迷宫求解.pdb
c:\users\马黄雷\desktop\数据结构课程设计\第02题-迷宫求解\迷宫求解\迷宫求解\debug\迷宫求解.res
c:\users\马黄雷\documents\各个学科资料\6. 数据结构\数据结构课程设计\第02题-迷宫求解\迷宫求解\迷宫求解\debug\maze.obj
c:\users\马黄雷\documents\各个学科资料\6. 数据结构\数据结构课程设计\第02题-迷宫求解\迷宫求解\迷宫求解\debug\stdafx.obj
c:\users\马黄雷\documents\各个学科资料\6. 数据结构\数据结构课程设计\第02题-迷宫求解\迷宫求解\迷宫求解\debug\迷宫求解.obj
c:\users\马黄雷\documents\各个学科资料\6. 数据结构\数据结构课程设计\第02题-迷宫求解\迷宫求解\迷宫求解\debug\迷宫求解.res
c:\users\马黄雷\documents\各个学科资料\6. 数据结构\数据结构课程设计\第02题-迷宫求解\迷宫求解\迷宫求解\debug\迷宫求解.pch
c:\users\马黄雷\documents\各个学科资料\6. 数据结构\数据结构课程设计\第02题-迷宫求解\迷宫求解\迷宫求解\debug\vc120.idb
c:\users\马黄雷\documents\各个学科资料\6. 数据结构\数据结构课程设计\第02题-迷宫求解\迷宫求解\迷宫求解\debug\vc120.pdb
c:\users\马黄雷\documents\各个学科资料\6. 数据结构\数据结构课程设计\第02题-迷宫求解\迷宫求解\debug\迷宫求解.pdb
c:\users\马黄雷\documents\各个学科资料\6. 数据结构\数据结构课程设计\第02题-迷宫求解\迷宫求解\debug\迷宫求解.exe
c:\users\马黄雷\documents\各个学科资料\6. 数据结构\数据结构课程设计\第02题-迷宫求解\迷宫求解\debug\迷宫求解.ilk
c:\users\马黄雷\documents\各个学科资料\6. 数据结构\数据结构课程设计\第02题-迷宫求解\迷宫求解\迷宫求解\debug\迷宫求解.tlog\cl.command.1.tlog
c:\users\马黄雷\documents\各个学科资料\6. 数据结构\数据结构课程设计\第02题-迷宫求解\迷宫求解\迷宫求解\debug\迷宫求解.tlog\cl.read.1.tlog
c:\users\马黄雷\documents\各个学科资料\6. 数据结构\数据结构课程设计\第02题-迷宫求解\迷宫求解\迷宫求解\debug\迷宫求解.tlog\cl.write.1.tlog
c:\users\马黄雷\documents\各个学科资料\6. 数据结构\数据结构课程设计\第02题-迷宫求解\迷宫求解\迷宫求解\debug\迷宫求解.tlog\link.command.1.tlog
c:\users\马黄雷\documents\各个学科资料\6. 数据结构\数据结构课程设计\第02题-迷宫求解\迷宫求解\迷宫求解\debug\迷宫求解.tlog\link.read.1.tlog
c:\users\马黄雷\documents\各个学科资料\6. 数据结构\数据结构课程设计\第02题-迷宫求解\迷宫求解\迷宫求解\debug\迷宫求解.tlog\link.write.1.tlog
c:\users\马黄雷\documents\各个学科资料\6. 数据结构\数据结构课程设计\第02题-迷宫求解\迷宫求解\迷宫求解\debug\迷宫求解.tlog\rc.command.1.tlog
c:\users\马黄雷\documents\各个学科资料\6. 数据结构\数据结构课程设计\第02题-迷宫求解\迷宫求解\迷宫求解\debug\迷宫求解.tlog\rc.read.1.tlog
c:\users\马黄雷\documents\各个学科资料\6. 数据结构\数据结构课程设计\第02题-迷宫求解\迷宫求解\迷宫求解\debug\迷宫求解.tlog\rc.write.1.tlog
